# JRE version: OpenJDK Runtime Environment Corretto-18.0.2.9.1 (18.0.2+9) (build 18.0.2+9-FR)
# Java VM: OpenJDK 64-Bit Server VM Corretto-18.0.2.9.1 (18.0.2+9-FR, mixed mode, sharing, tiered, compressed oops, compressed class ptrs, g1 gc, windows-amd64)
GC Precious Log:
 CardTable entry size: 512
 Card Set container configuration: InlinePtr #cards 5 size 8 Array Of Cards #cards 12 size 40 Howl #buckets 4 coarsen threshold 1843 Howl Bitmap #cards 512 size 80 coarsen threshold 460 Card regions per heap region 1 cards per card region 2048
 CPUs: 4 total, 4 available
 Memory: 5118M
 Large Page Support: Disabled
 NUMA Support: Disabled
 Compressed Oops: Enabled (32-bit)
 Heap Region Size: 1M
 Heap Min Capacity: 256M
 Heap Initial Capacity: 256M
 Heap Max Capacity: 512M
 Pre-touch: Disabled
 Parallel Workers: 4
 Concurrent Workers: 1
 Concurrent Refinement Workers: 4
 Periodic GC: Disabled
Heap:
 garbage-first heap   total 262144K, used 57160K [0x00000000e0000000, 0x0000000100000000)
  region size 1024K, 48 young (49152K), 12 survivors (12288K)
 Metaspace       used 25786K, committed 26816K, reserved 278528K
  class space    used 3906K, committed 4416K, reserved 212992K
GC Heap History (8 events):
Event: 3.140 GC heap before
{Heap before GC invocations=0 (full 0):
 garbage-first heap   total 262144K, used 15360K [0x00000000e0000000, 0x0000000100000000)
  region size 1024K, 13 young (13312K), 0 survivors (0K)
 Metaspace       used 910K, committed 1088K, reserved 278528K
  class space    used 68K, committed 128K, reserved 212992K
}
Event: 3.308 GC heap after
{Heap after GC invocations=1 (full 0):
 garbage-first heap   total 262144K, used 7127K [0x00000000e0000000, 0x0000000100000000)
  region size 1024K, 2 young (2048K), 2 survivors (2048K)
 Metaspace       used 910K, committed 1088K, reserved 278528K
  class space    used 68K, committed 128K, reserved 212992K
}
Event: 6.727 GC heap before
{Heap before GC invocations=1 (full 0):
 garbage-first heap   total 262144K, used 22487K [0x00000000e0000000, 0x0000000100000000)
  region size 1024K, 17 young (17408K), 2 survivors (2048K)
 Metaspace       used 3862K, committed 4032K, reserved 278528K
  class space    used 473K, committed 576K, reserved 212992K
}
Event: 6.733 GC heap after
{Heap after GC invocations=2 (full 0):
 garbage-first heap   total 262144K, used 9613K [0x00000000e0000000, 0x0000000100000000)
  region size 1024K, 3 young (3072K), 3 survivors (3072K)
 Metaspace       used 3862K, committed 4032K, reserved 278528K
  class space    used 473K, committed 576K, reserved 212992K
}
Event: 8.773 GC heap before
{Heap before GC invocations=2 (full 0):
 garbage-first heap   total 262144K, used 32141K [0x00000000e0000000, 0x0000000100000000)
  region size 1024K, 25 young (25600K), 3 survivors (3072K)
 Metaspace       used 3995K, committed 4224K, reserved 278528K
  class space    used 475K, committed 576K, reserved 212992K
}
Event: 8.780 GC heap after
{Heap after GC invocations=3 (full 0):
 garbage-first heap   total 262144K, used 13128K [0x00000000e0000000, 0x0000000100000000)
  region size 1024K, 4 young (4096K), 4 survivors (4096K)
 Metaspace       used 3995K, committed 4224K, reserved 278528K
  class space    used 475K, committed 576K, reserved 212992K
}
Event: 20.018 GC heap before
{Heap before GC invocations=3 (full 0):
 garbage-first heap   total 262144K, used 107336K [0x00000000e0000000, 0x0000000100000000)
  region size 1024K, 97 young (99328K), 4 survivors (4096K)
 Metaspace       used 20803K, committed 21504K, reserved 278528K
  class space    used 3080K, committed 3392K, reserved 212992K
}
Event: 20.039 GC heap after
{Heap after GC invocations=4 (full 0):
 garbage-first heap   total 262144K, used 21320K [0x00000000e0000000, 0x0000000100000000)
  region size 1024K, 12 young (12288K), 12 survivors (12288K)
 Metaspace       used 20803K, committed 21504K, reserved 278528K
  class space    used 3080K, committed 3392K, reserved 212992K
}

